17:25:42.705 [main] INFO  factory.BaseClass - Searching For Web Development Course
17:26:37.887 [main] INFO  factory.BaseClass - Validating First Course Details
17:27:41.913 [main] INFO  factory.BaseClass - Validating Second Course Details
17:31:19.156 [main] INFO  factory.BaseClass - valid Form Registration
17:31:43.766 [main] INFO  factory.BaseClass - Capturing Message
17:32:30.755 [main] INFO  factory.BaseClass - invalid Form Registration
17:32:56.093 [main] INFO  factory.BaseClass - Capturing Message
12:10:01.265 [main] INFO  factory.BaseClass - Setting up the remote environment
12:11:49.328 [main] INFO  factory.BaseClass - Setting up the local environment
12:11:56.491 [main] INFO  factory.BaseClass - Searching For Web Development Course
12:12:01.940 [main] INFO  factory.BaseClass - Validating First Course Details
12:16:35.201 [main] INFO  factory.BaseClass - Setting up the local environment
12:16:51.149 [main] INFO  factory.BaseClass - Searching For Web Development Course
12:17:16.064 [main] INFO  factory.BaseClass - Validating First Course Details
12:17:26.978 [main] INFO  factory.BaseClass - Validating Second Course Details
12:18:15.578 [main] INFO  factory.BaseClass - valid Form Registration
12:18:40.441 [main] INFO  factory.BaseClass - Capturing Message
12:19:22.936 [main] INFO  factory.BaseClass - Searching For Web Development Course
12:22:37.508 [main] INFO  factory.BaseClass - Setting up the local environment
12:22:59.901 [main] INFO  factory.BaseClass - Searching For Web Development Course
12:23:30.818 [main] INFO  factory.BaseClass - Validating First Course Details
12:23:42.192 [main] INFO  factory.BaseClass - Validating Second Course Details
12:24:41.634 [main] INFO  factory.BaseClass - valid Form Registration
12:25:08.414 [main] INFO  factory.BaseClass - Capturing Message
12:25:25.927 [main] INFO  factory.BaseClass - invalid Form Registration
12:25:51.618 [main] INFO  factory.BaseClass - Capturing Message
12:26:04.716 [main] INFO  factory.BaseClass - Searching For Web Development Course
12:28:38.384 [main] INFO  factory.BaseClass - Setting up the local environment
12:29:46.612 [main] INFO  factory.BaseClass - Searching For Web Development Course
12:30:43.608 [main] INFO  factory.BaseClass - Validating First Course Details
12:31:48.246 [main] INFO  factory.BaseClass - Validating Second Course Details
12:33:51.965 [main] INFO  factory.BaseClass - Setting up the local environment
12:35:23.044 [main] INFO  factory.BaseClass - Searching For Web Development Course
12:43:05.905 [main] INFO  factory.BaseClass - Searching For Web Development Course
12:43:11.892 [main] INFO  factory.BaseClass - Validating First Course Details
12:46:48.000 [main] INFO  factory.BaseClass - valid Form Registration
12:47:02.927 [main] INFO  factory.BaseClass - Capturing Message
12:47:49.744 [main] INFO  factory.BaseClass - invalid Form Registration
12:48:15.067 [main] INFO  factory.BaseClass - Capturing Message
14:40:31.591 [main] INFO  factory.BaseClass - Setting up the local environment
14:44:49.495 [main] INFO  factory.BaseClass - Setting up the local environment
15:44:39.319 [main] INFO  factory.BaseClass - Setting up the local environment
15:47:27.745 [main] INFO  factory.BaseClass - Setting up the local environment
15:58:11.239 [main] INFO  factory.BaseClass - valid Form Registration
15:58:36.266 [main] INFO  factory.BaseClass - Capturing Message
15:59:21.425 [main] INFO  factory.BaseClass - invalid Form Registration
15:59:46.769 [main] INFO  factory.BaseClass - Capturing Message
16:00:32.637 [main] INFO  factory.BaseClass - invalid Form Registration
16:01:01.213 [main] INFO  factory.BaseClass - Capturing Message
16:01:46.437 [main] INFO  factory.BaseClass - invalid Form Registration
16:02:11.621 [main] INFO  factory.BaseClass - Capturing Message
16:02:47.277 [main] INFO  factory.BaseClass - Setting up the local environment
16:12:40.781 [main] INFO  factory.BaseClass - Setting up the local environment
16:24:31.821 [main] INFO  factory.BaseClass - invalid Form Registration
16:24:51.633 [main] INFO  factory.BaseClass - Capturing Message
16:25:37.015 [main] INFO  factory.BaseClass - invalid Form Registration
16:26:02.608 [main] INFO  factory.BaseClass - Capturing Message
16:26:47.453 [main] INFO  factory.BaseClass - invalid Form Registration
16:27:14.706 [main] INFO  factory.BaseClass - Capturing Message
16:27:43.487 [main] INFO  factory.BaseClass - invalid Form Registration
16:27:59.482 [main] INFO  factory.BaseClass - Setting up the local environment
16:32:48.497 [main] INFO  factory.BaseClass - Setting up the local environment
16:40:13.671 [main] INFO  factory.BaseClass - invalid Form Registration
16:40:42.116 [main] INFO  factory.BaseClass - Capturing Message
16:41:24.536 [main] INFO  factory.BaseClass - invalid Form Registration
16:41:43.750 [main] INFO  factory.BaseClass - Setting up the local environment
16:49:18.272 [main] INFO  factory.BaseClass - invalid Form Registration
